Lab1_Handout/app/build/outputs/logs/manifest-merger-debug-report.txt
-- Merging decision tree log ---
manifest
ADDED from src/main/AndroidManifest.xml:2:1-51:12
	package
		ADDED from src/main/AndroidManifest.xml:3:5-34
		INJECTED from src/main/AndroidManifest.xml
		INJECTED from src/main/AndroidManifest.xml
	android:versionName
		ADDED from src/main/AndroidManifest.xml:5:5-30
	android:versionCode
		ADDED from src/main/AndroidManifest.xml:4:5-28
		INJECTED from src/main/AndroidManifest.xml
		INJECTED from src/main/AndroidManifest.xml
	xmlns:android
		ADDED from src/main/AndroidManifest.xml:2:11-69
uses-sdk
ADDED from src/main/AndroidManifest.xml:7:5-9:41
	android:targetSdkVersion
		ADDED from src/main/AndroidManifest.xml:9:9-38
		INJECTED from src/main/AndroidManifest.xml
		INJECTED from src/main/AndroidManifest.xml
	android:minSdkVersion
		ADDED from src/main/AndroidManifest.xml:8:9-35
		INJECTED from src/main/AndroidManifest.xml
		INJECTED from src/main/AndroidManifest.xml
uses-permission#android.permission.RECEIVE_BOOT_COMPLETED
ADDED from src/main/AndroidManifest.xml:11:5-81
	android:name
		ADDED from src/main/AndroidManifest.xml:11:22-78
uses-permission#android.permission.WRITE_EXTERNAL_STORAGE
ADDED from src/main/AndroidManifest.xml:12:5-81
	android:name
		ADDED from src/main/AndroidManifest.xml:12:22-78
uses-permission#android.permission.GET_TASKS
ADDED from src/main/AndroidManifest.xml:13:5-68
	android:name
		ADDED from src/main/AndroidManifest.xml:13:22-65
application
ADDED from src/main/AndroidManifest.xml:15:5-49:19
	android:label
		ADDED from src/main/AndroidManifest.xml:17:9-41
	android:icon
		ADDED from src/main/AndroidManifest.xml:16:9-38
activity#edu.umass.cs.client.MainActivity
ADDED from src/main/AndroidManifest.xml:18:9-28:20
	android:screenOrientation
		ADDED from src/main/AndroidManifest.xml:22:13-49
	android:label
		ADDED from src/main/AndroidManifest.xml:21:13-45
	android:launchMode
		ADDED from src/main/AndroidManifest.xml:23:13-48
	android:configChanges
		ADDED from src/main/AndroidManifest.xml:20:13-63
	android:name
		ADDED from src/main/AndroidManifest.xml:19:13-41
intent-filter#android.intent.action.MAIN+android.intent.category.LAUNCHER
ADDED from src/main/AndroidManifest.xml:24:13-27:29
action#android.intent.action.MAIN
ADDED from src/main/AndroidManifest.xml:25:17-69
	android:name
		ADDED from src/main/AndroidManifest.xml:25:25-66
category#android.intent.category.LAUNCHER
ADDED from src/main/AndroidManifest.xml:26:17-77
	android:name
		ADDED from src/main/AndroidManifest.xml:26:27-74
service#edu.umass.cs.client.Context_Service
ADDED from src/main/AndroidManifest.xml:30:9-52
	android:name
		ADDED from src/main/AndroidManifest.xml:30:18-49
receiver#edu.umass.cs.client.Consense_Service$Context_BGReceiver
ADDED from src/main/AndroidManifest.xml:32:9-37:20
	android:name
		ADDED from src/main/AndroidManifest.xml:32:19-69
intent-filter#android.intent.action.BOOT_COMPLETED
ADDED from src/main/AndroidManifest.xml:33:13-36:29
action#android.intent.action.BOOT_COMPLETED
ADDED from src/main/AndroidManifest.xml:34:17-35:26
	android:name
		ADDED from src/main/AndroidManifest.xml:34:25-76
receiver#com.android.aware_framework.Screen_Service$ScreenReceiver
ADDED from src/main/AndroidManifest.xml:40:9-47:20
	android:name
		ADDED from src/main/AndroidManifest.xml:40:19-91
intent-filter#android.intent.action.SCREEN_OFF+android.intent.action.SCREEN_ON
ADDED from src/main/AndroidManifest.xml:41:13-46:29
action#android.intent.action.SCREEN_ON
ADDED from src/main/AndroidManifest.xml:42:17-43:26
	android:name
		ADDED from src/main/AndroidManifest.xml:42:25-71
action#android.intent.action.SCREEN_OFF
ADDED from src/main/AndroidManifest.xml:44:17-45:26
	android:name
		ADDED from src/main/AndroidManifest.xml:44:25-72